
 a1 =  -0.000000000   5.340376980   5.340376980
 a2 =   5.340376980   0.000000000   5.340376980
 a3 =   5.340376980   5.340376980   0.000000000

 b1 =  -0.588271702   0.588271702   0.588271702
 b2 =   0.588271702  -0.588271702   0.588271702
 b3 =   0.588271702   0.588271702  -0.588271702

 volume = 304.611111419

 cutoff = 10.000000000

 grid = ( 7 7 7 ) -- minimal
        ( 7 7 7 ) -- factors 2, 3, 5, 7, 1*11, 1*13
        ( 8 8 8 ) -- factors 2, 3, 5

 Max G-vector indices : 3 3 3
 k-point = ( 0.000000000 0.000000000 0.000000000 )
 ng = 169

     n    g1    g2    g3     gx        gy        gz        ekin
 --------------------------------------------------------------------
     1    -3    -3    -3    -1.765    -1.765    -1.765     9.343717065
     2    -3    -3    -2    -1.177    -1.177    -2.353     8.305526280
     3    -3    -3    -1    -0.588    -0.588    -2.941     9.343717065
     4    -3    -2    -3    -1.177    -2.353    -1.177     8.305526280
     5    -3    -2    -2    -0.588    -1.765    -1.765     6.575208305
     6    -3    -2    -1     0.000    -1.177    -2.353     6.921271900
     7    -3    -2     0     0.588    -0.588    -2.941     9.343717065
     8    -3    -1    -3    -0.588    -2.941    -0.588     9.343717065
     9    -3    -1    -2     0.000    -2.353    -1.177     6.921271900
    10    -3    -1    -1     0.588    -1.765    -1.765     6.575208305
    11    -3    -1     0     1.177    -1.177    -2.353     8.305526280
    12    -3     0    -2     0.588    -2.941    -0.588     9.343717065
    13    -3     0    -1     1.177    -2.353    -1.177     8.305526280
    14    -3     0     0     1.765    -1.765    -1.765     9.343717065
    15    -2    -3    -3    -2.353    -1.177    -1.177     8.305526280
    16    -2    -3    -2    -1.765    -0.588    -1.765     6.575208305
    17    -2    -3    -1    -1.177     0.000    -2.353     6.921271900
    18    -2    -3     0    -0.588     0.588    -2.941     9.343717065
    19    -2    -2    -3    -1.765    -1.765    -0.588     6.575208305
    20    -2    -2    -2    -1.177    -1.177    -1.177     4.152763140
    21    -2    -2    -1    -0.588    -0.588    -1.765     3.806699545
    22    -2    -2     0     0.000     0.000    -2.353     5.537017520
    23    -2    -2     1     0.588     0.588    -2.941     9.343717065
    24    -2    -1    -3    -1.177    -2.353     0.000     6.921271900
    25    -2    -1    -2    -0.588    -1.765    -0.588     3.806699545
    26    -2    -1    -1     0.000    -1.177    -1.177     2.768508760
    27    -2    -1     0     0.588    -0.588    -1.765     3.806699545
    28    -2    -1     1     1.177     0.000    -2.353     6.921271900
    29    -2     0    -3    -0.588    -2.941     0.588     9.343717065
    30    -2     0    -2     0.000    -2.353     0.000     5.537017520
    31    -2     0    -1     0.588    -1.765    -0.588     3.806699545
    32    -2     0     0     1.177    -1.177    -1.177     4.152763140
    33    -2     0     1     1.765    -0.588    -1.765     6.575208305
    34    -2     1    -2     0.588    -2.941     0.588     9.343717065
    35    -2     1    -1     1.177    -2.353     0.000     6.921271900
    36    -2     1     0     1.765    -1.765    -0.588     6.575208305
    37    -2     1     1     2.353    -1.177    -1.177     8.305526280
    38    -1    -3    -3    -2.941    -0.588    -0.588     9.343717065
    39    -1    -3    -2    -2.353     0.000    -1.177     6.921271900
    40    -1    -3    -1    -1.765     0.588    -1.765     6.575208305
    41    -1    -3     0    -1.177     1.177    -2.353     8.305526280
    42    -1    -2    -3    -2.353    -1.177     0.000     6.921271900
    43    -1    -2    -2    -1.765    -0.588    -0.588     3.806699545
    44    -1    -2    -1    -1.177     0.000    -1.177     2.768508760
    45    -1    -2     0    -0.588     0.588    -1.765     3.806699545
    46    -1    -2     1     0.000     1.177    -2.353     6.921271900
    47    -1    -1    -3    -1.765    -1.765     0.588     6.575208305
    48    -1    -1    -2    -1.177    -1.177     0.000     2.768508760
    49    -1    -1    -1    -0.588    -0.588    -0.588     1.038190785
    50    -1    -1     0     0.000     0.000    -1.177     1.384254380
    51    -1    -1     1     0.588     0.588    -1.765     3.806699545
    52    -1    -1     2     1.177     1.177    -2.353     8.305526280
    53    -1     0    -3    -1.177    -2.353     1.177     8.305526280
    54    -1     0    -2    -0.588    -1.765     0.588     3.806699545
    55    -1     0    -1     0.000    -1.177     0.000     1.384254380
    56    -1     0     0     0.588    -0.588    -0.588     1.038190785
    57    -1     0     1     1.177     0.000    -1.177     2.768508760
    58    -1     0     2     1.765     0.588    -1.765     6.575208305
    59    -1     1    -2     0.000    -2.353     1.177     6.921271900
    60    -1     1    -1     0.588    -1.765     0.588     3.806699545
    61    -1     1     0     1.177    -1.177     0.000     2.768508760
    62    -1     1     1     1.765    -0.588    -0.588     3.806699545
    63    -1     1     2     2.353     0.000    -1.177     6.921271900
    64    -1     2    -1     1.177    -2.353     1.177     8.305526280
    65    -1     2     0     1.765    -1.765     0.588     6.575208305
    66    -1     2     1     2.353    -1.177     0.000     6.921271900
    67    -1     2     2     2.941    -0.588    -0.588     9.343717065
    68     0    -3    -2    -2.941     0.588    -0.588     9.343717065
    69     0    -3    -1    -2.353     1.177    -1.177     8.305526280
    70     0    -3     0    -1.765     1.765    -1.765     9.343717065
    71     0    -2    -3    -2.941    -0.588     0.588     9.343717065
    72     0    -2    -2    -2.353     0.000     0.000     5.537017520
    73     0    -2    -1    -1.765     0.588    -0.588     3.806699545
    74     0    -2     0    -1.177     1.177    -1.177     4.152763140
    75     0    -2     1    -0.588     1.765    -1.765     6.575208305
    76     0    -1    -3    -2.353    -1.177     1.177     8.305526280
    77     0    -1    -2    -1.765    -0.588     0.588     3.806699545
    78     0    -1    -1    -1.177     0.000     0.000     1.384254380
    79     0    -1     0    -0.588     0.588    -0.588     1.038190785
    80     0    -1     1     0.000     1.177    -1.177     2.768508760
    81     0    -1     2     0.588     1.765    -1.765     6.575208305
    82     0     0    -3    -1.765    -1.765     1.765     9.343717065
    83     0     0    -2    -1.177    -1.177     1.177     4.152763140
    84     0     0    -1    -0.588    -0.588     0.588     1.038190785
    85     0     0     0     0.000     0.000     0.000     0.000000000
    86     0     0     1     0.588     0.588    -0.588     1.038190785
    87     0     0     2     1.177     1.177    -1.177     4.152763140
    88     0     0     3     1.765     1.765    -1.765     9.343717065
    89     0     1    -2    -0.588    -1.765     1.765     6.575208305
    90     0     1    -1     0.000    -1.177     1.177     2.768508760
    91     0     1     0     0.588    -0.588     0.588     1.038190785
    92     0     1     1     1.177     0.000     0.000     1.384254380
    93     0     1     2     1.765     0.588    -0.588     3.806699545
    94     0     1     3     2.353     1.177    -1.177     8.305526280
    95     0     2    -1     0.588    -1.765     1.765     6.575208305
    96     0     2     0     1.177    -1.177     1.177     4.152763140
    97     0     2     1     1.765    -0.588     0.588     3.806699545
    98     0     2     2     2.353     0.000     0.000     5.537017520
    99     0     2     3     2.941     0.588    -0.588     9.343717065
   100     0     3     0     1.765    -1.765     1.765     9.343717065
   101     0     3     1     2.353    -1.177     1.177     8.305526280
   102     0     3     2     2.941    -0.588     0.588     9.343717065
   103     1    -2    -2    -2.941     0.588     0.588     9.343717065
   104     1    -2    -1    -2.353     1.177     0.000     6.921271900
   105     1    -2     0    -1.765     1.765    -0.588     6.575208305
   106     1    -2     1    -1.177     2.353    -1.177     8.305526280
   107     1    -1    -2    -2.353     0.000     1.177     6.921271900
   108     1    -1    -1    -1.765     0.588     0.588     3.806699545
   109     1    -1     0    -1.177     1.177     0.000     2.768508760
   110     1    -1     1    -0.588     1.765    -0.588     3.806699545
   111     1    -1     2     0.000     2.353    -1.177     6.921271900
   112     1     0    -2    -1.765    -0.588     1.765     6.575208305
   113     1     0    -1    -1.177     0.000     1.177     2.768508760
   114     1     0     0    -0.588     0.588     0.588     1.038190785
   115     1     0     1     0.000     1.177     0.000     1.384254380
   116     1     0     2     0.588     1.765    -0.588     3.806699545
   117     1     0     3     1.177     2.353    -1.177     8.305526280
   118     1     1    -2    -1.177    -1.177     2.353     8.305526280
   119     1     1    -1    -0.588    -0.588     1.765     3.806699545
   120     1     1     0     0.000     0.000     1.177     1.384254380
   121     1     1     1     0.588     0.588     0.588     1.038190785
   122     1     1     2     1.177     1.177     0.000     2.768508760
   123     1     1     3     1.765     1.765    -0.588     6.575208305
   124     1     2    -1     0.000    -1.177     2.353     6.921271900
   125     1     2     0     0.588    -0.588     1.765     3.806699545
   126     1     2     1     1.177     0.000     1.177     2.768508760
   127     1     2     2     1.765     0.588     0.588     3.806699545
   128     1     2     3     2.353     1.177     0.000     6.921271900
   129     1     3     0     1.177    -1.177     2.353     8.305526280
   130     1     3     1     1.765    -0.588     1.765     6.575208305
   131     1     3     2     2.353    -0.000     1.177     6.921271900
   132     1     3     3     2.941     0.588     0.588     9.343717065
   133     2    -1    -1    -2.353     1.177     1.177     8.305526280
   134     2    -1     0    -1.765     1.765     0.588     6.575208305
   135     2    -1     1    -1.177     2.353     0.000     6.921271900
   136     2    -1     2    -0.588     2.941    -0.588     9.343717065
   137     2     0    -1    -1.765     0.588     1.765     6.575208305
   138     2     0     0    -1.177     1.177     1.177     4.152763140
   139     2     0     1    -0.588     1.765     0.588     3.806699545
   140     2     0     2     0.000     2.353     0.000     5.537017520
   141     2     0     3     0.588     2.941    -0.588     9.343717065
   142     2     1    -1    -1.177     0.000     2.353     6.921271900
   143     2     1     0    -0.588     0.588     1.765     3.806699545
   144     2     1     1     0.000     1.177     1.177     2.768508760
   145     2     1     2     0.588     1.765     0.588     3.806699545
   146     2     1     3     1.177     2.353     0.000     6.921271900
   147     2     2    -1    -0.588    -0.588     2.941     9.343717065
   148     2     2     0     0.000     0.000     2.353     5.537017520
   149     2     2     1     0.588     0.588     1.765     3.806699545
   150     2     2     2     1.177     1.177     1.177     4.152763140
   151     2     2     3     1.765     1.765     0.588     6.575208305
   152     2     3     0     0.588    -0.588     2.941     9.343717065
   153     2     3     1     1.177    -0.000     2.353     6.921271900
   154     2     3     2     1.765     0.588     1.765     6.575208305
   155     2     3     3     2.353     1.177     1.177     8.305526280
   156     3     0     0    -1.765     1.765     1.765     9.343717065
   157     3     0     1    -1.177     2.353     1.177     8.305526280
   158     3     0     2    -0.588     2.941     0.588     9.343717065
   159     3     1     0    -1.177     1.177     2.353     8.305526280
   160     3     1     1    -0.588     1.765     1.765     6.575208305
   161     3     1     2    -0.000     2.353     1.177     6.921271900
   162     3     1     3     0.588     2.941     0.588     9.343717065
   163     3     2     0    -0.588     0.588     2.941     9.343717065
   164     3     2     1    -0.000     1.177     2.353     6.921271900
   165     3     2     2     0.588     1.765     1.765     6.575208305
   166     3     2     3     1.177     2.353     1.177     8.305526280
   167     3     3     1     0.588     0.588     2.941     9.343717065
   168     3     3     2     1.177     1.177     2.353     8.305526280
   169     3     3     3     1.765     1.765     1.765     9.343717065

